<?xml version="1.0" encoding="UTF-8"?>
<!-- Generated by org.testng.reporters.JUnitXMLReporter -->
<testsuite ignored="1" hostname="OmkarPC" failures="0" tests="2" name="Default test" time="0.09" errors="0" timestamp="2020-05-21T20:03:33 IST">
  <testcase classname="Section18.Day4" name="WebLoginHomeLoan" time="0.016"/>
  <testcase classname="Section18.Day4" name="MobileLoginHomeLoan" time="0.004"/>
  <testcase classname="Section18.Day4" name="LoginAPIHomeLoan" time="0.0">
    <ignored/>
  </testcase> <!-- LoginAPIHomeLoan -->
</testsuite> <!-- Default test -->
