<?xml version="1.0" encoding="UTF-8"?>
<!-- Generated by org.testng.reporters.JUnitXMLReporter -->
<testsuite ignored="2" hostname="OmkarPC" failures="0" tests="3" name="Car Loan" time="0.06" errors="0" timestamp="2020-05-22T17:56:23 IST">
  <testcase classname="Section18.Day3" name="MobileLoginCarLoan" time="0.004"/>
  <testcase classname="Section18.Day3" name="MobileLoginCarLoan" time="0.004"/>
  <testcase classname="Section18.Day3" name="MobileLoginCarLoan" time="0.004"/>
  <testcase classname="Section18.Day3" name="WebLoginCarLoan" time="0.0">
    <ignored/>
  </testcase> <!-- WebLoginCarLoan -->
  <testcase classname="Section18.Day3" name="LoginAPICarLoan" time="0.0">
    <ignored/>
  </testcase> <!-- LoginAPICarLoan -->
</testsuite> <!-- Car Loan -->
