<?xml version="1.0" encoding="UTF-8"?>
<!-- Generated by org.testng.reporters.JUnitXMLReporter -->
<testsuite ignored="3" hostname="OmkarPC" failures="0" tests="6" name="Regression" time="0.08" errors="0" timestamp="2020-05-21T19:51:38 IST">
  <testcase classname="Section18.Day1TestNG" name="demo" time="0.015"/>
  <testcase classname="Section18.Day1TestNG" name="secondTest" time="0.0"/>
  <testcase classname="Section18.Day3" name="MobileLoginCarLoan" time="0.0"/>
  <testcase classname="Section18.Day3" name="WebLoginCarLoan" time="0.0"/>
  <testcase classname="Section18.Day4" name="LoginAPIHomeLoan" time="0.0"/>
  <testcase classname="Section18.Day4" name="MobileLoginHomeLoan" time="0.0"/>
  <testcase classname="Section18.Day2" name="pLoan" time="0.0">
    <ignored/>
  </testcase> <!-- pLoan -->
  <testcase classname="Section18.Day4" name="WebLoginHomeLoan" time="0.0">
    <ignored/>
  </testcase> <!-- WebLoginHomeLoan -->
  <testcase classname="Section18.Day3" name="LoginAPICarLoan" time="0.0">
    <ignored/>
  </testcase> <!-- LoginAPICarLoan -->
</testsuite> <!-- Regression -->
